[34mINFO:   [0m Could not find any NVIDIA binaries on this host!
                                                                                                                                                
================
== TensorFlow ==
================

NVIDIA Release 19.01 (build 5238117)
TensorFlow Version 1.12.0+

Container image Copyright (c) 2018, NVIDIA CORPORATION.  All rights reserved.
Copyright 2017-2018 The TensorFlow Authors.  All rights reserved.

Various files include modifications (c) NVIDIA CORPORATION.  All rights reserved.
NVIDIA modifications are covered by the license terms that apply to the underlying project or file.

WARNING: The NVIDIA Driver was not detected.  GPU functionality will not be available.
   Use 'nvidia-docker run' to start this container; see
   https://github.com/NVIDIA/nvidia-docker/wiki/nvidia-docker .

ERROR: Detected MOFED driver 5.0-0, but this container has version 4.4-1.0.0.
       Unable to automatically upgrade this container.
       Use of RDMA for multi-node communication will be unreliable.

NOTE: MOFED driver was detected, but nv_peer_mem driver was not detected.
      Multi-node communication performance may be reduced.

2020-02-19 10:28:37.902051: I tensorflow/core/common_runtime/gpu/gpu_device.cc:1432] Found device 0 with properties: 
name: Tesla V100-SXM2-32GB major: 7 minor: 0 memoryClockRate(GHz): 1.53
pciBusID: 0000:61:00.0
totalMemory: 31.72GiB freeMemory: 31.41GiB
2020-02-19 10:28:37.902434: I tensorflow/core/common_runtime/gpu/gpu_device.cc:1511] Adding visible gpu devices: 0
2020-02-19 10:28:39.241067: I tensorflow/core/common_runtime/gpu/gpu_device.cc:982] Device interconnect StreamExecutor with strength 1 edge matrix:
2020-02-19 10:28:39.241110: I tensorflow/core/common_runtime/gpu/gpu_device.cc:988]      0 
2020-02-19 10:28:39.241118: I tensorflow/core/common_runtime/gpu/gpu_device.cc:1001] 0:   N 
2020-02-19 10:28:39.241274: I tensorflow/core/common_runtime/gpu/gpu_device.cc:1115] Created TensorFlow device (/job:localhost/replica:0/task:0/device:GPU:0 with 30476 MB memory) -> physical GPU (device: 0, name: Tesla V100-SXM2-32GB, pci bus id: 0000:61:00.0, compute capability: 7.0)
slurmstepd: error: *** JOB 361603 ON winter200 CANCELLED AT 2020-02-19T05:33:14 ***
-------------------------------------------------------------
SUMNER/WINTER EPILOGUE
-------------------------------------------------------------
Job ID: 361603
Cluster: slurm_cluster
User/Group: c-mehtav/jaxuser
State: CANCELLED (exit code 0)
Nodes: 1
Cores per node: 4
CPU Utilized: 00:04:36
CPU Efficiency: 23.39% of 00:19:40 core-walltime
Job Wall-clock time: 00:04:55
Memory Utilized: 2.49 GB
Memory Efficiency: 15.96% of 15.62 GB
-------------------------------------------------------------
       JobID  User   State    CPUTime Exit     MaxRSS        NodeList  Partition                   ReqTRES              Submit               Start                 End    Elapsed 
------------ ----- ------- ---------- ---- ---------- --------------- ---------- ------------------------- ------------------- ------------------- ------------------- ---------- 
361603       c-me+ CANCEL+   00:19:40  0:0                  winter200        gpu billing=4,cpu=4,mem=1600+ 2020-02-19T05:28:18 2020-02-19T05:28:19 2020-02-19T05:33:14   00:04:55 
361603.batch       CANCEL+   00:19:44 0:15   2553.07M       winter200                                      2020-02-19T05:28:19 2020-02-19T05:28:19 2020-02-19T05:33:15   00:04:56 
361603.exte+       COMPLE+   00:19:40  0:0          0       winter200                                      2020-02-19T05:28:19 2020-02-19T05:28:19 2020-02-19T05:33:14   00:04:55 
-------------------------------------------------------------
