[34mINFO:   [0m Could not find any NVIDIA binaries on this host!
                                                                                                                                                
================
== TensorFlow ==
================

NVIDIA Release 19.01 (build 5238117)
TensorFlow Version 1.12.0+

Container image Copyright (c) 2018, NVIDIA CORPORATION.  All rights reserved.
Copyright 2017-2018 The TensorFlow Authors.  All rights reserved.

Various files include modifications (c) NVIDIA CORPORATION.  All rights reserved.
NVIDIA modifications are covered by the license terms that apply to the underlying project or file.

WARNING: The NVIDIA Driver was not detected.  GPU functionality will not be available.
   Use 'nvidia-docker run' to start this container; see
   https://github.com/NVIDIA/nvidia-docker/wiki/nvidia-docker .

ERROR: Detected MOFED driver 5.0-0, but this container has version 4.4-1.0.0.
       Unable to automatically upgrade this container.
       Use of RDMA for multi-node communication will be unreliable.

NOTE: MOFED driver was detected, but nv_peer_mem driver was not detected.
      Multi-node communication performance may be reduced.

2020-02-19 10:23:47.723979: I tensorflow/core/common_runtime/gpu/gpu_device.cc:1432] Found device 0 with properties: 
name: Tesla V100-SXM2-32GB major: 7 minor: 0 memoryClockRate(GHz): 1.53
pciBusID: 0000:61:00.0
totalMemory: 31.72GiB freeMemory: 31.41GiB
2020-02-19 10:23:47.724361: I tensorflow/core/common_runtime/gpu/gpu_device.cc:1511] Adding visible gpu devices: 0
2020-02-19 10:23:49.075903: I tensorflow/core/common_runtime/gpu/gpu_device.cc:982] Device interconnect StreamExecutor with strength 1 edge matrix:
2020-02-19 10:23:49.075947: I tensorflow/core/common_runtime/gpu/gpu_device.cc:988]      0 
2020-02-19 10:23:49.075954: I tensorflow/core/common_runtime/gpu/gpu_device.cc:1001] 0:   N 
2020-02-19 10:23:49.076113: I tensorflow/core/common_runtime/gpu/gpu_device.cc:1115] Created TensorFlow device (/job:localhost/replica:0/task:0/device:GPU:0 with 30476 MB memory) -> physical GPU (device: 0, name: Tesla V100-SXM2-32GB, pci bus id: 0000:61:00.0, compute capability: 7.0)
Reading 0
Reading 1
Reading 2
Reading 3
Reading 4
Reading 5
Reading 6
Reading 7
Reading 8
Reading 9
Reading 10
Reading 11
Reading 12
Reading 13
Reading 14
Reading 15
Reading 16
Reading 17
Reading 18
Reading 19
Reading 20
Reading 21
Reading 22
Reading 23
Reading 24
Reading 25
Reading 26
Reading 27
Reading 28
Reading 29
Reading 30
Reading 31
Reading 32
Reading 33
Reading 34
Reading 35
Reading 36
Reading 37
Reading 38
Reading 39
Reading 40
Reading 41
Reading 42
Reading 43
Reading 44
Reading 45
Reading 46
Reading 47
Reading 48
Reading 49
Reading 50
Reading 51
Reading 52
Reading 53
Reading 54
Reading 55
Reading 56
Reading 57
Reading 58
Reading 59
Reading 60
Reading 61
Reading 62
Reading 63
Reading 64
Reading 65
Reading 66
Reading 67
Reading 68
Reading 69
Reading 70
Reading 71
Reading 72
Reading 73
Reading 74
Reading 75
Reading 76
Reading 77
Reading 78
Reading 79
Reading 80
Reading 81
Reading 82
Reading 83
Reading 84
Reading 85
Reading 86
Reading 87
Reading 88
Reading 89
Reading 90
Reading 91
Reading 92
Reading 93
Reading 94
Reading 95
Reading 96
Reading 97
Reading 98
Reading 99
Reading 100
Reading 101
Reading 102
Reading 103
Reading 104
Reading 105
Reading 106
Reading 107
Reading 108
Reading 109
Reading 110
Reading 111
Reading 112
Reading 113
Reading 114
Reading 115
Reading 116
Reading 117
Reading 118
Reading 119
Reading 120
Reading 121
Reading 122
Reading 123
Reading 124
Reading 125
Reading 126
Reading 127
Reading 128
Reading 129
Reading 130
Reading 131
Reading 132
Reading 133
Reading 134
Reading 135
Reading 136
Reading 137
Reading 138
Reading 139
Reading 140
Reading 141
Reading 142
Reading 143
Reading 144
Reading 145
Reading 146
Reading 147
Reading 148
Reading 149
Reading 150
Reading 151
Reading 152
Reading 153
Reading 154
Reading 155
Reading 156
Reading 157
Reading 158
Reading 159
Reading 160
Reading 161
Reading 162
Reading 163
Reading 164
Reading 165
Reading 166
Reading 167
Reading 168
Reading 169
Reading 170
Reading 171
Reading 172
Reading 173
Reading 174
Reading 175
Reading 176
Reading 177
Reading 178
Reading 179
Reading 180
Reading 181
Reading 182
Reading 183
Reading 184
Reading 185
Reading 186
Reading 187
Reading 188
Reading 189
Reading 190
Reading 191
Reading 192
Reading 193
Reading 194
Reading 195
Reading 196
Reading 197
Reading 198
Reading 199
Reading 200
Reading 201
Reading 202
Reading 203
Reading 204
Reading 205
Reading 206
Reading 207
Reading 208
Reading 209
Reading 210
Reading 211
Reading 212
Reading 213
Reading 214
Reading 215
Reading 216
Reading 217
Reading 218
Reading 219
Reading 220
Reading 221
Reading 222
Reading 223
Reading 224
Reading 225
Reading 226
Reading 227
Reading 228
Reading 229
Reading 230
Reading 231
Reading 232
Reading 233
Reading 234
Reading 235
Reading 236
Reading 237
Reading 238
Reading 239
Reading 240
Reading 241
Reading 242
Reading 243
Reading 244
Reading 245
Reading 246
Reading 247
Reading 248
Reading 249
Reading 250
Reading 251
Reading 252
Reading 253
Reading 254
Reading 255
Reading 256
Reading 257
Reading 258
Reading 259
Reading 260
Reading 261
Reading 262
Reading 263
Reading 264
Reading 265
Reading 266
Reading 267
Reading 268
Reading 269
Reading 270
Reading 271
Reading 272
Reading 273
Reading 274
Reading 275
Reading 276
Reading 277
Reading 278
Reading 279
Reading 280
Reading 281
Reading 282
Reading 283
Reading 284
Reading 285
Reading 286
Reading 287
Reading 288
Reading 289
Reading 290
Reading 291
Reading 292
Reading 293
Reading 294
Reading 295
Reading 296
Reading 297
Reading 298
Reading 299
Reading 300
Reading 301
Reading 302
Reading 303
Reading 304
Reading 305
Reading 306
Reading 307
Reading 308
Reading 309
Reading 310
Reading 311
Reading 312
Reading 313
Reading 314
Reading 315
Reading 316
Reading 317
Reading 318
Reading 319
Reading 320
Reading 321
Reading 322
Reading 323
Reading 324
Reading 325
Reading 326
Reading 327
Reading 328
Reading 329
Reading 330
Reading 331
Reading 332
Reading 333
Reading 334
Reading 335
Reading 336
Reading 337
Reading 338
Reading 339
Reading 340
Reading 341
Reading 342
Reading 343
Reading 344
Reading 345
Reading 346
Reading 347
Reading 348
Reading 349
Reading 350
Reading 351
Reading 352
Reading 353
Reading 354
Reading 355
Reading 356
Reading 357
Reading 358
Reading 359
Reading 360
Reading 361
Reading 362
Reading 363
Reading 364
Reading 365
Reading 366
Reading 367
Reading 368
Reading 369
Reading 370
Reading 371
Reading 372
Reading 373
Reading 374
Reading 375
Reading 376
Reading 377
Reading 378
Reading 379
Reading 380
Reading 381
Reading 382
Reading 383
Reading 384
Reading 385
Reading 386
Reading 387
Reading 388
Reading 389
Reading 390
Reading 391
Reading 392
Reading 393
Reading 394
Reading 395
Reading 396
Reading 397
Reading 398
Reading 399
Reading 400
Reading 401
Reading 402
Reading 403
Reading 404
Reading 405
Reading 406
Reading 407
Reading 408
Reading 409
Reading 410
Reading 411
Reading 412
Reading 413
Reading 414
Reading 415
Reading 416
Reading 417
Reading 418
Reading 419
Reading 420
Reading 421
Reading 422
Reading 423
Reading 424
Reading 425
Reading 426
Reading 427
Reading 428
Reading 429
Reading 430
Reading 431
Reading 432
Reading 433
Reading 434
Reading 435
Reading 436
Reading 437
Reading 438
Reading 439
Reading 440
Reading 441
Reading 442
Reading 443
Reading 444
Reading 445
Reading 446
Reading 447
Reading 448
Reading 449
Reading 450
Reading 451
Reading 452
Reading 453
Reading 454
Reading 455
Reading 456
Reading 457
Reading 458
Reading 459
Reading 460
Reading 461
Reading 462
Reading 463
Reading 464
Reading 465
Reading 466
Reading 467
Reading 468
Reading 469
Reading 470
Reading 471
Reading 472
Reading 473
Reading 474
Reading 475
Reading 476
Reading 477
Reading 478
Reading 479
Reading 480
Reading 481
Reading 482
Reading 483
Reading 484
Reading 485
Reading 486
Reading 487
Reading 488
Reading 489
Reading 490
Reading 491
Reading 492
Reading 493
Reading 494
Reading 495
Reading 496
Reading 497
Reading 498
Reading 499
Reading 500
Reading 501
Reading 502
Reading 503
Reading 504
Reading 505
Reading 506
Reading 507
Reading 508
Reading 509
Reading 510
Reading 511
Reading 512
Reading 513
Reading 514
Reading 515
Reading 516
Reading 517
Reading 518
Reading 519
Reading 520
Reading 521
Reading 522
Reading 523
Reading 524
Reading 525
Reading 526
Reading 527
Reading 528
Reading 529
Reading 530
Reading 531
Reading 532
Reading 533
Reading 534
Reading 535
Reading 536
Reading 537
Reading 538
Reading 539
Reading 540
Reading 541
Reading 542
Reading 543
Reading 544
Reading 545
Reading 546
Reading 547
Reading 548
Reading 549
Reading 550
Reading 551
Reading 552
Reading 553
Reading 554
Reading 555
Reading 556
Reading 557
Reading 558
Reading 559
Reading 560
Reading 561
Reading 562
Reading 563
Reading 564
Reading 565
Reading 566
Reading 567
Reading 568
Reading 569
Reading 570
Reading 571
Reading 572
Reading 573
Reading 574
Reading 575
Reading 576
Reading 577
Reading 578
Reading 579
Reading 580
Reading 581
Reading 582
Reading 583
Reading 584
Reading 585
Reading 586
Reading 587
Reading 588
Reading 589
Reading 590
Reading 591
Reading 592
Reading 593
Reading 594
Reading 595
Reading 596
Reading 597
Reading 598
Reading 599
Reading 600
Reading 601
Reading 602
Reading 603
Reading 604
Reading 605
Reading 606
Reading 607
Reading 608
Reading 609
Reading 610
Reading 611
Reading 612
Reading 613
Reading 614
Reading 615
Reading 616
Reading 617
Reading 618
Reading 619
Reading 620
Reading 621
Reading 622
Reading 623
Reading 624
Reading 625
Reading 626
Reading 627
Reading 628
Reading 629
Reading 630
Reading 631
Reading 632
Reading 633
Reading 634
Reading 635
Reading 636
Reading 637
Reading 638
Reading 639
Reading 640
Reading 641
Reading 642
Reading 643
Reading 644
Reading 645
Reading 646
Reading 647
Reading 648
Reading 649
Reading 650
Reading 651
Reading 652
Reading 653
Reading 654
Reading 655
Reading 656
Reading 657
Reading 658
Reading 659
Reading 660
Reading 661
Reading 662
Reading 663
Reading 664
Reading 665
Reading 666
Reading 667
Reading 668
Reading 669
Reading 670
Reading 671
Reading 672
Reading 673
Reading 674
Reading 675
Reading 676
Reading 677
Reading 678
Reading 679
Reading 680
Reading 681
Reading 682
Reading 683
Reading 684
Reading 685
Reading 686
Reading 687
Reading 688
Reading 689
Reading 690
Reading 691
Reading 692
Reading 693
Reading 694
Reading 695
Reading 696
Reading 697
Reading 698
Reading 699
Reading 700
Reading 701
Reading 702
Reading 703
Reading 704
Reading 705
Reading 706
Reading 707
Reading 708
Reading 709
Reading 710
Reading 711
Reading 712
Reading 713
Reading 714
Reading 715
Reading 716
Reading 717
Reading 718
Reading 719
Reading 720
Reading 721
Reading 722
Reading 723
Reading 724
Reading 725
Reading 726
Reading 727
Reading 728
Reading 729
Reading 730
Reading 731
Reading 732
Reading 733
Reading 734
Reading 735
Reading 736
Reading 737
Reading 738
Reading 739
Reading 740
Reading 741
Reading 742
Reading 743
Reading 744
Reading 745
Reading 746
Reading 747
Reading 748
Reading 749
Reading 750
Reading 751
Reading 752
Reading 753
Reading 754
Reading 755
Reading 756
Reading 757
Reading 758
Reading 759
Reading 760
Reading 761
Reading 762
Reading 763
Reading 764
Reading 765
Reading 766
Reading 767
Reading 768
Reading 769
Reading 770
Reading 771
Reading 772
Reading 773
Reading 774
Reading 775
Reading 776
Reading 777
Reading 778
Reading 779
Reading 780
Reading 781
Reading 782
Reading 783
Reading 784
Reading 785
Reading 786
Reading 787
Reading 788
Reading 789
Reading 790
Reading 791
Reading 792
Reading 793
Reading 794
Reading 795
Reading 796
Reading 797
Reading 798
Reading 799
Reading 800
Reading 801
Reading 802
Reading 803
Reading 804
Reading 805
Reading 806
Reading 807
Reading 808
Reading 809
Reading 810
Reading 811
Reading 812
Reading 813
Reading 814
Reading 815
Reading 816
Reading 817
Reading 818
Reading 819
Reading 820
Reading 821
Reading 822
Reading 823
Reading 824
Reading 825
Reading 826
Reading 827
Reading 828
Reading 829
Reading 830
Reading 831
Reading 832
Reading 833
Reading 834
Reading 835
Reading 836
Reading 837
Reading 838
Reading 839
Reading 840
Reading 841
Reading 842
Reading 843
Reading 844
Reading 845
Reading 846
Reading 847
Reading 848
Reading 849
Reading 850
Reading 851
Reading 852
Reading 853
Reading 854
Reading 855
Reading 856
Reading 857
Reading 858
Reading 859
Reading 860
Reading 861
Reading 862
Reading 863
Reading 864
Reading 865
Reading 866
Reading 867
Reading 868
Reading 869
Reading 870
Reading 871
Reading 872
Reading 873
Reading 874
Reading 875
Reading 876
Reading 877
Reading 878
Reading 879
Reading 880
Reading 881
Reading 882
Reading 883
Reading 884
Reading 885
Reading 886
Reading 887
Reading 888
Reading 889
Reading 890
Reading 891
Reading 892
Reading 893
Reading 894
Reading 895
Reading 896
Reading 897
Reading 898
Reading 899
Reading 900
Reading 901
Reading 902
Reading 903
Reading 904
Reading 905
Reading 906
Reading 907
Reading 908
Reading 909
Reading 910
Reading 911
Reading 912
Reading 913
Reading 914
Reading 915
Reading 916
Reading 917
Reading 918
Reading 919
Reading 920
Reading 921
Reading 922
Reading 923
Reading 924
Reading 925
Reading 926
Reading 927
Reading 928
Reading 929
Reading 930
Reading 931
Reading 932
Reading 933
Reading 934
Reading 935
Reading 936
Reading 937
Reading 938
Reading 939
Reading 940
Reading 941
Reading 942
Reading 943
Reading 944
Reading 945
Reading 946
Reading 947
Reading 948
Reading 949
Reading 950
Reading 951
Reading 952
Reading 953
Reading 954
Reading 955
Reading 956
Reading 957
Reading 958
Reading 959
Reading 960
Reading 961
Reading 962
Reading 963
Reading 964
Reading 965
Reading 966
Reading 967
Reading 968
Reading 969
Reading 970
Reading 971
Reading 972
Reading 973
Reading 974
Reading 975
Reading 976
Reading 977
Reading 978
Reading 979
Reading 980
Reading 981
Reading 982
Reading 983
Reading 984
Reading 985
Reading 986
Reading 987
Reading 988
Reading 989
Reading 990
Reading 991
Reading 992
Reading 993
Reading 994
Reading 995
Reading 996
Reading 997
Reading 998
Reading 999
Traceback (most recent call last):
  File "/home/c-mehtav/DDOmice2/action_embed.py", line 193, in <module>
    embed(14, 14, EMBED_DIM, batch_size)
  File "/home/c-mehtav/DDOmice2/action_embed.py", line 128, in embed
    exp_cosine_matrix = tf.math.exp(tf.math.scalar_mul(1/TEMPERATURE, cosine_matrix, name = "exp_cosine_matrix"))
TypeError: scalar_mul() got an unexpected keyword argument 'name'
[34mINFO:   [0m Could not find any NVIDIA binaries on this host!
                                                                                                                                                
================
== TensorFlow ==
================

NVIDIA Release 19.01 (build 5238117)
TensorFlow Version 1.12.0+

Container image Copyright (c) 2018, NVIDIA CORPORATION.  All rights reserved.
Copyright 2017-2018 The TensorFlow Authors.  All rights reserved.

Various files include modifications (c) NVIDIA CORPORATION.  All rights reserved.
NVIDIA modifications are covered by the license terms that apply to the underlying project or file.

WARNING: The NVIDIA Driver was not detected.  GPU functionality will not be available.
   Use 'nvidia-docker run' to start this container; see
   https://github.com/NVIDIA/nvidia-docker/wiki/nvidia-docker .

ERROR: Detected MOFED driver 5.0-0, but this container has version 4.4-1.0.0.
       Unable to automatically upgrade this container.
       Use of RDMA for multi-node communication will be unreliable.

NOTE: MOFED driver was detected, but nv_peer_mem driver was not detected.
      Multi-node communication performance may be reduced.

2020-02-19 10:24:07.940511: I tensorflow/core/common_runtime/gpu/gpu_device.cc:1432] Found device 0 with properties: 
name: Tesla V100-SXM2-32GB major: 7 minor: 0 memoryClockRate(GHz): 1.53
pciBusID: 0000:61:00.0
totalMemory: 31.72GiB freeMemory: 31.41GiB
2020-02-19 10:24:07.940963: I tensorflow/core/common_runtime/gpu/gpu_device.cc:1511] Adding visible gpu devices: 0
2020-02-19 10:24:09.283462: I tensorflow/core/common_runtime/gpu/gpu_device.cc:982] Device interconnect StreamExecutor with strength 1 edge matrix:
2020-02-19 10:24:09.283506: I tensorflow/core/common_runtime/gpu/gpu_device.cc:988]      0 
2020-02-19 10:24:09.283514: I tensorflow/core/common_runtime/gpu/gpu_device.cc:1001] 0:   N 
2020-02-19 10:24:09.283671: I tensorflow/core/common_runtime/gpu/gpu_device.cc:1115] Created TensorFlow device (/job:localhost/replica:0/task:0/device:GPU:0 with 30476 MB memory) -> physical GPU (device: 0, name: Tesla V100-SXM2-32GB, pci bus id: 0000:61:00.0, compute capability: 7.0)
Reading 0
Reading 1
Reading 2
Reading 3
Reading 4
Reading 5
Reading 6
Reading 7
Reading 8
Reading 9
Reading 10
Reading 11
Reading 12
Reading 13
Reading 14
Reading 15
Reading 16
Reading 17
Reading 18
Reading 19
Reading 20
Reading 21
Reading 22
Reading 23
Reading 24
Reading 25
Reading 26
Reading 27
Reading 28
Reading 29
Reading 30
Reading 31
Reading 32
Reading 33
Reading 34
Reading 35
Reading 36
Reading 37
Reading 38
Reading 39
Reading 40
Reading 41
Reading 42
Reading 43
Reading 44
Reading 45
Reading 46
Reading 47
Reading 48
Reading 49
Reading 50
Reading 51
Reading 52
Reading 53
Reading 54
Reading 55
Reading 56
Reading 57
Reading 58
Reading 59
Reading 60
Reading 61
Reading 62
Reading 63
Reading 64
Reading 65
Reading 66
Reading 67
Reading 68
Reading 69
Reading 70
Reading 71
Reading 72
Reading 73
Reading 74
Reading 75
Reading 76
Reading 77
Reading 78
Reading 79
Reading 80
Reading 81
Reading 82
Reading 83
Reading 84
Reading 85
Reading 86
Reading 87
Reading 88
Reading 89
Reading 90
Reading 91
Reading 92
Reading 93
Reading 94
Reading 95
Reading 96
Reading 97
Reading 98
Reading 99
Reading 100
Reading 101
Reading 102
Reading 103
Reading 104
Reading 105
Reading 106
Reading 107
Reading 108
Reading 109
Reading 110
Reading 111
Reading 112
Reading 113
Reading 114
Reading 115
Reading 116
Reading 117
Reading 118
Reading 119
Reading 120
Reading 121
Reading 122
Reading 123
Reading 124
Reading 125
Reading 126
Reading 127
Reading 128
Reading 129
Reading 130
Reading 131
Reading 132
Reading 133
Reading 134
Reading 135
Reading 136
Reading 137
Reading 138
Reading 139
Reading 140
Reading 141
Reading 142
Reading 143
Reading 144
Reading 145
Reading 146
Reading 147
Reading 148
Reading 149
Reading 150
Reading 151
Reading 152
Reading 153
Reading 154
Reading 155
Reading 156
Reading 157
Reading 158
Reading 159
Reading 160
Reading 161
Reading 162
Reading 163
Reading 164
Reading 165
Reading 166
Reading 167
Reading 168
Reading 169
Reading 170
Reading 171
Reading 172
Reading 173
Reading 174
Reading 175
Reading 176
Reading 177
Reading 178
Reading 179
Reading 180
Reading 181
Reading 182
Reading 183
Reading 184
Reading 185
Reading 186
Reading 187
Reading 188
Reading 189
Reading 190
Reading 191
Reading 192
Reading 193
Reading 194
Reading 195
Reading 196
Reading 197
Reading 198
Reading 199
Reading 200
Reading 201
Reading 202
Reading 203
Reading 204
Reading 205
Reading 206
Reading 207
Reading 208
Reading 209
Reading 210
Reading 211
Reading 212
Reading 213
Reading 214
Reading 215
Reading 216
Reading 217
Reading 218
Reading 219
Reading 220
Reading 221
Reading 222
Reading 223
Reading 224
Reading 225
Reading 226
Reading 227
Reading 228
Reading 229
Reading 230
Reading 231
Reading 232
Reading 233
Reading 234
Reading 235
Reading 236
Reading 237
Reading 238
Reading 239
Reading 240
Reading 241
Reading 242
Reading 243
Reading 244
Reading 245
Reading 246
Reading 247
Reading 248
Reading 249
Reading 250
Reading 251
Reading 252
Reading 253
Reading 254
Reading 255
Reading 256
Reading 257
Reading 258
Reading 259
Reading 260
Reading 261
Reading 262
Reading 263
Reading 264
Reading 265
Reading 266
Reading 267
Reading 268
Reading 269
Reading 270
Reading 271
Reading 272
Reading 273
Reading 274
Reading 275
Reading 276
Reading 277
Reading 278
Reading 279
Reading 280
Reading 281
Reading 282
Reading 283
Reading 284
Reading 285
Reading 286
Reading 287
Reading 288
Reading 289
Reading 290
Reading 291
Reading 292
Reading 293
Reading 294
Reading 295
Reading 296
Reading 297
Reading 298
Reading 299
Reading 300
Reading 301
Reading 302
Reading 303
Reading 304
Reading 305
Reading 306
Reading 307
Reading 308
Reading 309
Reading 310
Reading 311
Reading 312
Reading 313
Reading 314
Reading 315
Reading 316
Reading 317
Reading 318
Reading 319
Reading 320
Reading 321
Reading 322
Reading 323
Reading 324
Reading 325
Reading 326
Reading 327
Reading 328
Reading 329
Reading 330
Reading 331
Reading 332
Reading 333
Reading 334
Reading 335
Reading 336
Reading 337
Reading 338
Reading 339
Reading 340
Reading 341
Reading 342
Reading 343
Reading 344
Reading 345
Reading 346
Reading 347
Reading 348
Reading 349
Reading 350
Reading 351
Reading 352
Reading 353
Reading 354
Reading 355
Reading 356
Reading 357
Reading 358
Reading 359
Reading 360
Reading 361
Reading 362
Reading 363
Reading 364
Reading 365
Reading 366
Reading 367
Reading 368
Reading 369
Reading 370
Reading 371
Reading 372
Reading 373
Reading 374
Reading 375
Reading 376
Reading 377
Reading 378
Reading 379
Reading 380
Reading 381
Reading 382
Reading 383
Reading 384
Reading 385
Reading 386
Reading 387
Reading 388
Reading 389
Reading 390
Reading 391
Reading 392
Reading 393
Reading 394
Reading 395
Reading 396
Reading 397
Reading 398
Reading 399
Reading 400
Reading 401
Reading 402
Reading 403
Reading 404
Reading 405
Reading 406
Reading 407
Reading 408
Reading 409
Reading 410
Reading 411
Reading 412
Reading 413
Reading 414
Reading 415
Reading 416
Reading 417
Reading 418
Reading 419
Reading 420
Reading 421
Reading 422
Reading 423
Reading 424
Reading 425
Reading 426
Reading 427
Reading 428
Reading 429
Reading 430
Reading 431
Reading 432
Reading 433
Reading 434
Reading 435
Reading 436
Reading 437
Reading 438
Reading 439
Reading 440
Reading 441
Reading 442
Reading 443
Reading 444
Reading 445
Reading 446
Reading 447
Reading 448
Reading 449
Reading 450
Reading 451
Reading 452
Reading 453
Reading 454
Reading 455
Reading 456
Reading 457
Reading 458
Reading 459
Reading 460
Reading 461
Reading 462
Reading 463
Reading 464
Reading 465
Reading 466
Reading 467
Reading 468
Reading 469
Reading 470
Reading 471
Reading 472
Reading 473
Reading 474
Reading 475
Reading 476
Reading 477
Reading 478
Reading 479
Reading 480
Reading 481
Reading 482
Reading 483
Reading 484
Reading 485
Reading 486
Reading 487
Reading 488
Reading 489
Reading 490
Reading 491
Reading 492
Reading 493
Reading 494
Reading 495
Reading 496
Reading 497
Reading 498
Reading 499
Reading 500
Reading 501
Reading 502
Reading 503
Reading 504
Reading 505
Reading 506
Reading 507
Reading 508
Reading 509
Reading 510
Reading 511
Reading 512
Reading 513
Reading 514
Reading 515
Reading 516
Reading 517
Reading 518
Reading 519
Reading 520
Reading 521
Reading 522
Reading 523
Reading 524
Reading 525
Reading 526
Reading 527
Reading 528
Reading 529
Reading 530
Reading 531
Reading 532
Reading 533
Reading 534
Reading 535
Reading 536
Reading 537
Reading 538
Reading 539
Reading 540
Reading 541
Reading 542
Reading 543
Reading 544
Reading 545
Reading 546
Reading 547
Reading 548
Reading 549
Reading 550
Reading 551
Reading 552
Reading 553
Reading 554
Reading 555
Reading 556
Reading 557
Reading 558
Reading 559
Reading 560
Reading 561
Reading 562
Reading 563
Reading 564
Reading 565
Reading 566
Reading 567
Reading 568
Reading 569
Reading 570
Reading 571
Reading 572
Reading 573
Reading 574
Reading 575
Reading 576
Reading 577
Reading 578
Reading 579
Reading 580
Reading 581
Reading 582
Reading 583
Reading 584
Reading 585
Reading 586
Reading 587
Reading 588
Reading 589
Reading 590
Reading 591
Reading 592
Reading 593
Reading 594
Reading 595
Reading 596
Reading 597
Reading 598
Reading 599
Reading 600
Reading 601
Reading 602
Reading 603
Reading 604
Reading 605
Reading 606
Reading 607
Reading 608
Reading 609
Reading 610
Reading 611
Reading 612
Reading 613
Reading 614
Reading 615
Reading 616
Reading 617
Reading 618
Reading 619
Reading 620
Reading 621
Reading 622
Reading 623
Reading 624
Reading 625
Reading 626
Reading 627
Reading 628
Reading 629
Reading 630
Reading 631
Reading 632
Reading 633
Reading 634
Reading 635
Reading 636
Reading 637
Reading 638
Reading 639
Reading 640
Reading 641
Reading 642
Reading 643
Reading 644
Reading 645
Reading 646
Reading 647
Reading 648
Reading 649
Reading 650
Reading 651
Reading 652
Reading 653
Reading 654
Reading 655
Reading 656
Reading 657
Reading 658
Reading 659
Reading 660
Reading 661
Reading 662
Reading 663
Reading 664
Reading 665
Reading 666
Reading 667
Reading 668
Reading 669
Reading 670
Reading 671
Reading 672
Reading 673
Reading 674
Reading 675
Reading 676
Reading 677
Reading 678
Reading 679
Reading 680
Reading 681
Reading 682
Reading 683
Reading 684
Reading 685
Reading 686
Reading 687
Reading 688
Reading 689
Reading 690
Reading 691
Reading 692
Reading 693
Reading 694
Reading 695
Reading 696
Reading 697
Reading 698
Reading 699
Reading 700
Reading 701
Reading 702
Reading 703
Reading 704
Reading 705
Reading 706
Reading 707
Reading 708
Reading 709
Reading 710
Reading 711
Reading 712
Reading 713
Reading 714
Reading 715
Reading 716
Reading 717
Reading 718
Reading 719
Reading 720
Reading 721
Reading 722
Reading 723
Reading 724
Reading 725
Reading 726
Reading 727
Reading 728
Reading 729
Reading 730
Reading 731
Reading 732
Reading 733
Reading 734
Reading 735
Reading 736
Reading 737
Reading 738
Reading 739
Reading 740
Reading 741
Reading 742
Reading 743
Reading 744
Reading 745
Reading 746
Reading 747
Reading 748
Reading 749
Reading 750
Reading 751
Reading 752
Reading 753
Reading 754
Reading 755
Reading 756
Reading 757
Reading 758
Reading 759
Reading 760
Reading 761
Reading 762
Reading 763
Reading 764
Reading 765
Reading 766
Reading 767
Reading 768
Reading 769
Reading 770
Reading 771
Reading 772
Reading 773
Reading 774
Reading 775
Reading 776
Reading 777
Reading 778
Reading 779
Reading 780
Reading 781
Reading 782
Reading 783
Reading 784
Reading 785
Reading 786
Reading 787
Reading 788
Reading 789
Reading 790
Reading 791
Reading 792
Reading 793
Reading 794
Reading 795
Reading 796
Reading 797
Reading 798
Reading 799
Reading 800
Reading 801
Reading 802
Reading 803
Reading 804
Reading 805
Reading 806
Reading 807
Reading 808
Reading 809
Reading 810
Reading 811
Reading 812
Reading 813
Reading 814
Reading 815
Reading 816
Reading 817
Reading 818
Reading 819
Reading 820
Reading 821
Reading 822
Reading 823
Reading 824
Reading 825
Reading 826
Reading 827
Reading 828
Reading 829
Reading 830
Reading 831
Reading 832
Reading 833
Reading 834
Reading 835
Reading 836
Reading 837
Reading 838
Reading 839
Reading 840
Reading 841
Reading 842
Reading 843
Reading 844
Reading 845
Reading 846
Reading 847
Reading 848
Reading 849
Reading 850
Reading 851
Reading 852
Reading 853
Reading 854
Reading 855
Reading 856
Reading 857
Reading 858
Reading 859
Reading 860
Reading 861
Reading 862
Reading 863
Reading 864
Reading 865
Reading 866
Reading 867
Reading 868
Reading 869
Reading 870
Reading 871
Reading 872
Reading 873
Reading 874
Reading 875
Reading 876
Reading 877
Reading 878
Reading 879
Reading 880
Reading 881
Reading 882
Reading 883
Reading 884
Reading 885
Reading 886
Reading 887
Reading 888
Reading 889
Reading 890
Reading 891
Reading 892
Reading 893
Reading 894
Reading 895
Reading 896
Reading 897
Reading 898
Reading 899
Reading 900
Reading 901
Reading 902
Reading 903
Reading 904
Reading 905
Reading 906
Reading 907
Reading 908
Reading 909
Reading 910
Reading 911
Reading 912
Reading 913
Reading 914
Reading 915
Reading 916
Reading 917
Reading 918
Reading 919
Reading 920
Reading 921
Reading 922
Reading 923
Reading 924
Reading 925
Reading 926
Reading 927
Reading 928
Reading 929
Reading 930
Reading 931
Reading 932
Reading 933
Reading 934
Reading 935
Reading 936
Reading 937
Reading 938
Reading 939
Reading 940
Reading 941
Reading 942
Reading 943
Reading 944
Reading 945
Reading 946
Reading 947
Reading 948
Reading 949
Reading 950
Reading 951
Reading 952
Reading 953
Reading 954
Reading 955
Reading 956
Reading 957
Reading 958
Reading 959
Reading 960
Reading 961
Reading 962
Reading 963
Reading 964
Reading 965
Reading 966
Reading 967
Reading 968
Reading 969
Reading 970
Reading 971
Reading 972
Reading 973
Reading 974
Reading 975
Reading 976
Reading 977
Reading 978
Reading 979
Reading 980
Reading 981
Reading 982
Reading 983
Reading 984
Reading 985
Reading 986
Reading 987
Reading 988
Reading 989
Reading 990
Reading 991
Reading 992
Reading 993
Reading 994
Reading 995
Reading 996
Reading 997
Reading 998
Reading 999
Traceback (most recent call last):
  File "/home/c-mehtav/DDOmice2/action_embed.py", line 193, in <module>
    embed(14, 14, EMBED_DIM, batch_size)
  File "/home/c-mehtav/DDOmice2/action_embed.py", line 128, in embed
    exp_cosine_matrix = tf.math.exp(tf.math.scalar_mul(1/TEMPERATURE, cosine_matrix, name = "exp_cosine_matrix"))
TypeError: scalar_mul() got an unexpected keyword argument 'name'
[34mINFO:   [0m Could not find any NVIDIA binaries on this host!
                                                                                                                                                
================
== TensorFlow ==
================

NVIDIA Release 19.01 (build 5238117)
TensorFlow Version 1.12.0+

Container image Copyright (c) 2018, NVIDIA CORPORATION.  All rights reserved.
Copyright 2017-2018 The TensorFlow Authors.  All rights reserved.

Various files include modifications (c) NVIDIA CORPORATION.  All rights reserved.
NVIDIA modifications are covered by the license terms that apply to the underlying project or file.

WARNING: The NVIDIA Driver was not detected.  GPU functionality will not be available.
   Use 'nvidia-docker run' to start this container; see
   https://github.com/NVIDIA/nvidia-docker/wiki/nvidia-docker .

ERROR: Detected MOFED driver 5.0-0, but this container has version 4.4-1.0.0.
       Unable to automatically upgrade this container.
       Use of RDMA for multi-node communication will be unreliable.

NOTE: MOFED driver was detected, but nv_peer_mem driver was not detected.
      Multi-node communication performance may be reduced.

2020-02-19 10:24:27.451475: I tensorflow/core/common_runtime/gpu/gpu_device.cc:1432] Found device 0 with properties: 
name: Tesla V100-SXM2-32GB major: 7 minor: 0 memoryClockRate(GHz): 1.53
pciBusID: 0000:61:00.0
totalMemory: 31.72GiB freeMemory: 31.41GiB
2020-02-19 10:24:27.451876: I tensorflow/core/common_runtime/gpu/gpu_device.cc:1511] Adding visible gpu devices: 0
2020-02-19 10:24:28.817272: I tensorflow/core/common_runtime/gpu/gpu_device.cc:982] Device interconnect StreamExecutor with strength 1 edge matrix:
2020-02-19 10:24:28.817319: I tensorflow/core/common_runtime/gpu/gpu_device.cc:988]      0 
2020-02-19 10:24:28.817327: I tensorflow/core/common_runtime/gpu/gpu_device.cc:1001] 0:   N 
2020-02-19 10:24:28.817485: I tensorflow/core/common_runtime/gpu/gpu_device.cc:1115] Created TensorFlow device (/job:localhost/replica:0/task:0/device:GPU:0 with 30476 MB memory) -> physical GPU (device: 0, name: Tesla V100-SXM2-32GB, pci bus id: 0000:61:00.0, compute capability: 7.0)
Reading 0
Reading 1
Reading 2
Reading 3
Reading 4
Reading 5
Reading 6
Reading 7
Reading 8
Reading 9
Reading 10
Reading 11
Reading 12
Reading 13
Reading 14
Reading 15
Reading 16
Reading 17
Reading 18
Reading 19
Reading 20
Reading 21
Reading 22
Reading 23
Reading 24
Reading 25
Reading 26
Reading 27
Reading 28
Reading 29
Reading 30
Reading 31
Reading 32
Reading 33
Reading 34
Reading 35
Reading 36
Reading 37
Reading 38
Reading 39
Reading 40
Reading 41
Reading 42
Reading 43
Reading 44
Reading 45
Reading 46
Reading 47
Reading 48
Reading 49
Reading 50
Reading 51
Reading 52
Reading 53
Reading 54
Reading 55
Reading 56
Reading 57
Reading 58
Reading 59
Reading 60
Reading 61
Reading 62
Reading 63
Reading 64
Reading 65
Reading 66
Reading 67
Reading 68
Reading 69
Reading 70
Reading 71
Reading 72
Reading 73
Reading 74
Reading 75
Reading 76
Reading 77
Reading 78
Reading 79
Reading 80
Reading 81
Reading 82
Reading 83
Reading 84
Reading 85
Reading 86
Reading 87
Reading 88
Reading 89
Reading 90
Reading 91
Reading 92
Reading 93
Reading 94
Reading 95
Reading 96
Reading 97
Reading 98
Reading 99
Reading 100
Reading 101
Reading 102
Reading 103
Reading 104
Reading 105
Reading 106
Reading 107
Reading 108
Reading 109
Reading 110
Reading 111
Reading 112
Reading 113
Reading 114
Reading 115
Reading 116
Reading 117
Reading 118
Reading 119
Reading 120
Reading 121
Reading 122
Reading 123
Reading 124
Reading 125
Reading 126
Reading 127
Reading 128
Reading 129
Reading 130
Reading 131
Reading 132
Reading 133
Reading 134
Reading 135
Reading 136
Reading 137
Reading 138
Reading 139
Reading 140
Reading 141
Reading 142
Reading 143
Reading 144
Reading 145
Reading 146
Reading 147
Reading 148
Reading 149
Reading 150
Reading 151
Reading 152
Reading 153
Reading 154
Reading 155
Reading 156
Reading 157
Reading 158
Reading 159
Reading 160
Reading 161
Reading 162
Reading 163
Reading 164
Reading 165
Reading 166
Reading 167
Reading 168
Reading 169
Reading 170
Reading 171
Reading 172
Reading 173
Reading 174
Reading 175
Reading 176
Reading 177
Reading 178
Reading 179
Reading 180
Reading 181
Reading 182
Reading 183
Reading 184
Reading 185
Reading 186
Reading 187
Reading 188
Reading 189
Reading 190
Reading 191
Reading 192
Reading 193
Reading 194
Reading 195
Reading 196
Reading 197
Reading 198
Reading 199
Reading 200
Reading 201
Reading 202
Reading 203
Reading 204
Reading 205
Reading 206
Reading 207
Reading 208
Reading 209
Reading 210
Reading 211
Reading 212
Reading 213
Reading 214
Reading 215
Reading 216
Reading 217
Reading 218
Reading 219
Reading 220
Reading 221
Reading 222
Reading 223
Reading 224
Reading 225
Reading 226
Reading 227
Reading 228
Reading 229
Reading 230
Reading 231
Reading 232
Reading 233
Reading 234
Reading 235
Reading 236
Reading 237
Reading 238
Reading 239
Reading 240
Reading 241
Reading 242
Reading 243
Reading 244
Reading 245
Reading 246
Reading 247
Reading 248
Reading 249
Reading 250
Reading 251
Reading 252
Reading 253
Reading 254
Reading 255
Reading 256
Reading 257
Reading 258
Reading 259
Reading 260
Reading 261
Reading 262
Reading 263
Reading 264
Reading 265
Reading 266
Reading 267
Reading 268
Reading 269
Reading 270
Reading 271
Reading 272
Reading 273
Reading 274
Reading 275
Reading 276
Reading 277
Reading 278
Reading 279
Reading 280
Reading 281
Reading 282
Reading 283
Reading 284
Reading 285
Reading 286
Reading 287
Reading 288
Reading 289
Reading 290
Reading 291
Reading 292
Reading 293
Reading 294
Reading 295
Reading 296
Reading 297
Reading 298
Reading 299
Reading 300
Reading 301
Reading 302
Reading 303
Reading 304
Reading 305
Reading 306
Reading 307
Reading 308
Reading 309
Reading 310
Reading 311
Reading 312
Reading 313
Reading 314
Reading 315
Reading 316
Reading 317
Reading 318
Reading 319
Reading 320
Reading 321
Reading 322
Reading 323
Reading 324
Reading 325
Reading 326
Reading 327
Reading 328
Reading 329
Reading 330
Reading 331
Reading 332
Reading 333
Reading 334
Reading 335
Reading 336
Reading 337
Reading 338
Reading 339
Reading 340
Reading 341
Reading 342
Reading 343
Reading 344
Reading 345
Reading 346
Reading 347
Reading 348
Reading 349
Reading 350
Reading 351
Reading 352
Reading 353
Reading 354
Reading 355
Reading 356
Reading 357
Reading 358
Reading 359
Reading 360
Reading 361
Reading 362
Reading 363
Reading 364
Reading 365
Reading 366
Reading 367
Reading 368
Reading 369
Reading 370
Reading 371
Reading 372
Reading 373
Reading 374
Reading 375
Reading 376
Reading 377
Reading 378
Reading 379
Reading 380
Reading 381
Reading 382
Reading 383
Reading 384
Reading 385
Reading 386
Reading 387
Reading 388
Reading 389
Reading 390
Reading 391
Reading 392
Reading 393
Reading 394
Reading 395
Reading 396
Reading 397
Reading 398
Reading 399
Reading 400
Reading 401
Reading 402
Reading 403
Reading 404
Reading 405
Reading 406
Reading 407
Reading 408
Reading 409
Reading 410
Reading 411
Reading 412
Reading 413
Reading 414
Reading 415
Reading 416
Reading 417
Reading 418
Reading 419
Reading 420
Reading 421
Reading 422
Reading 423
Reading 424
Reading 425
Reading 426
Reading 427
Reading 428
Reading 429
Reading 430
Reading 431
Reading 432
Reading 433
Reading 434
Reading 435
Reading 436
Reading 437
Reading 438
Reading 439
Reading 440
Reading 441
Reading 442
Reading 443
Reading 444
Reading 445
Reading 446
Reading 447
Reading 448
Reading 449
Reading 450
Reading 451
Reading 452
Reading 453
Reading 454
Reading 455
Reading 456
Reading 457
Reading 458
Reading 459
Reading 460
Reading 461
Reading 462
Reading 463
Reading 464
Reading 465
Reading 466
Reading 467
Reading 468
Reading 469
Reading 470
Reading 471
Reading 472
Reading 473
Reading 474
Reading 475
Reading 476
Reading 477
Reading 478
Reading 479
Reading 480
Reading 481
Reading 482
Reading 483
Reading 484
Reading 485
Reading 486
Reading 487
Reading 488
Reading 489
Reading 490
Reading 491
Reading 492
Reading 493
Reading 494
Reading 495
Reading 496
Reading 497
Reading 498
Reading 499
Reading 500
Reading 501
Reading 502
Reading 503
Reading 504
Reading 505
Reading 506
Reading 507
Reading 508
Reading 509
Reading 510
Reading 511
Reading 512
Reading 513
Reading 514
Reading 515
Reading 516
Reading 517
Reading 518
Reading 519
Reading 520
Reading 521
Reading 522
Reading 523
Reading 524
Reading 525
Reading 526
Reading 527
Reading 528
Reading 529
Reading 530
Reading 531
Reading 532
Reading 533
Reading 534
Reading 535
Reading 536
Reading 537
Reading 538
Reading 539
Reading 540
Reading 541
Reading 542
Reading 543
Reading 544
Reading 545
Reading 546
Reading 547
Reading 548
Reading 549
Reading 550
Reading 551
Reading 552
Reading 553
Reading 554
Reading 555
Reading 556
Reading 557
Reading 558
Reading 559
Reading 560
Reading 561
Reading 562
Reading 563
Reading 564
Reading 565
Reading 566
Reading 567
Reading 568
Reading 569
Reading 570
Reading 571
Reading 572
Reading 573
Reading 574
Reading 575
Reading 576
Reading 577
Reading 578
Reading 579
Reading 580
Reading 581
Reading 582
Reading 583
Reading 584
Reading 585
Reading 586
Reading 587
Reading 588
Reading 589
Reading 590
Reading 591
Reading 592
Reading 593
Reading 594
Reading 595
Reading 596
Reading 597
Reading 598
Reading 599
Reading 600
Reading 601
Reading 602
Reading 603
Reading 604
Reading 605
Reading 606
Reading 607
Reading 608
Reading 609
Reading 610
Reading 611
Reading 612
Reading 613
Reading 614
Reading 615
Reading 616
Reading 617
Reading 618
Reading 619
Reading 620
Reading 621
Reading 622
Reading 623
Reading 624
Reading 625
Reading 626
Reading 627
Reading 628
Reading 629
Reading 630
Reading 631
Reading 632
Reading 633
Reading 634
Reading 635
Reading 636
Reading 637
Reading 638
Reading 639
Reading 640
Reading 641
Reading 642
Reading 643
Reading 644
Reading 645
Reading 646
Reading 647
Reading 648
Reading 649
Reading 650
Reading 651
Reading 652
Reading 653
Reading 654
Reading 655
Reading 656
Reading 657
Reading 658
Reading 659
Reading 660
Reading 661
Reading 662
Reading 663
Reading 664
Reading 665
Reading 666
Reading 667
Reading 668
Reading 669
Reading 670
Reading 671
Reading 672
Reading 673
Reading 674
Reading 675
Reading 676
Reading 677
Reading 678
Reading 679
Reading 680
Reading 681
Reading 682
Reading 683
Reading 684
Reading 685
Reading 686
Reading 687
Reading 688
Reading 689
Reading 690
Reading 691
Reading 692
Reading 693
Reading 694
Reading 695
Reading 696
Reading 697
Reading 698
Reading 699
Reading 700
Reading 701
Reading 702
Reading 703
Reading 704
Reading 705
Reading 706
Reading 707
Reading 708
Reading 709
Reading 710
Reading 711
Reading 712
Reading 713
Reading 714
Reading 715
Reading 716
Reading 717
Reading 718
Reading 719
Reading 720
Reading 721
Reading 722
Reading 723
Reading 724
Reading 725
Reading 726
Reading 727
Reading 728
Reading 729
Reading 730
Reading 731
Reading 732
Reading 733
Reading 734
Reading 735
Reading 736
Reading 737
Reading 738
Reading 739
Reading 740
Reading 741
Reading 742
Reading 743
Reading 744
Reading 745
Reading 746
Reading 747
Reading 748
Reading 749
Reading 750
Reading 751
Reading 752
Reading 753
Reading 754
Reading 755
Reading 756
Reading 757
Reading 758
Reading 759
Reading 760
Reading 761
Reading 762
Reading 763
Reading 764
Reading 765
Reading 766
Reading 767
Reading 768
Reading 769
Reading 770
Reading 771
Reading 772
Reading 773
Reading 774
Reading 775
Reading 776
Reading 777
Reading 778
Reading 779
Reading 780
Reading 781
Reading 782
Reading 783
Reading 784
Reading 785
Reading 786
Reading 787
Reading 788
Reading 789
Reading 790
Reading 791
Reading 792
Reading 793
Reading 794
Reading 795
Reading 796
Reading 797
Reading 798
Reading 799
Reading 800
Reading 801
Reading 802
Reading 803
Reading 804
Reading 805
Reading 806
Reading 807
Reading 808
Reading 809
Reading 810
Reading 811
Reading 812
Reading 813
Reading 814
Reading 815
Reading 816
Reading 817
Reading 818
Reading 819
Reading 820
Reading 821
Reading 822
Reading 823
Reading 824
Reading 825
Reading 826
Reading 827
Reading 828
Reading 829
Reading 830
Reading 831
Reading 832
Reading 833
Reading 834
Reading 835
Reading 836
Reading 837
Reading 838
Reading 839
Reading 840
Reading 841
Reading 842
Reading 843
Reading 844
Reading 845
Reading 846
Reading 847
Reading 848
Reading 849
Reading 850
Reading 851
Reading 852
Reading 853
Reading 854
Reading 855
Reading 856
Reading 857
Reading 858
Reading 859
Reading 860
Reading 861
Reading 862
Reading 863
Reading 864
Reading 865
Reading 866
Reading 867
Reading 868
Reading 869
Reading 870
Reading 871
Reading 872
Reading 873
Reading 874
Reading 875
Reading 876
Reading 877
Reading 878
Reading 879
Reading 880
Reading 881
Reading 882
Reading 883
Reading 884
Reading 885
Reading 886
Reading 887
Reading 888
Reading 889
Reading 890
Reading 891
Reading 892
Reading 893
Reading 894
Reading 895
Reading 896
Reading 897
Reading 898
Reading 899
Reading 900
Reading 901
Reading 902
Reading 903
Reading 904
Reading 905
Reading 906
Reading 907
Reading 908
Reading 909
Reading 910
Reading 911
Reading 912
Reading 913
Reading 914
Reading 915
Reading 916
Reading 917
Reading 918
Reading 919
Reading 920
Reading 921
Reading 922
Reading 923
Reading 924
Reading 925
Reading 926
Reading 927
Reading 928
Reading 929
Reading 930
Reading 931
Reading 932
Reading 933
Reading 934
Reading 935
Reading 936
Reading 937
Reading 938
Reading 939
Reading 940
Reading 941
Reading 942
Reading 943
Reading 944
Reading 945
Reading 946
Reading 947
Reading 948
Reading 949
Reading 950
Reading 951
Reading 952
Reading 953
Reading 954
Reading 955
Reading 956
Reading 957
Reading 958
Reading 959
Reading 960
Reading 961
Reading 962
Reading 963
Reading 964
Reading 965
Reading 966
Reading 967
Reading 968
Reading 969
Reading 970
Reading 971
Reading 972
Reading 973
Reading 974
Reading 975
Reading 976
Reading 977
Reading 978
Reading 979
Reading 980
Reading 981
Reading 982
Reading 983
Reading 984
Reading 985
Reading 986
Reading 987
Reading 988
Reading 989
Reading 990
Reading 991
Reading 992
Reading 993
Reading 994
Reading 995
Reading 996
Reading 997
Reading 998
Reading 999
Traceback (most recent call last):
  File "/home/c-mehtav/DDOmice2/action_embed.py", line 193, in <module>
    embed(14, 14, EMBED_DIM, batch_size)
  File "/home/c-mehtav/DDOmice2/action_embed.py", line 128, in embed
    exp_cosine_matrix = tf.math.exp(tf.math.scalar_mul(1/TEMPERATURE, cosine_matrix, name = "exp_cosine_matrix"))
TypeError: scalar_mul() got an unexpected keyword argument 'name'
-------------------------------------------------------------
SUMNER/WINTER EPILOGUE
-------------------------------------------------------------
Job ID: 361595
Cluster: slurm_cluster
User/Group: c-mehtav/jaxuser
State: FAILED (exit code 1)
Nodes: 1
Cores per node: 4
CPU Utilized: 00:00:41
CPU Efficiency: 17.08% of 00:04:00 core-walltime
Job Wall-clock time: 00:01:00
Memory Utilized: 189.45 MB
Memory Efficiency: 1.18% of 15.62 GB
-------------------------------------------------------------
       JobID  User   State    CPUTime Exit     MaxRSS        NodeList  Partition                   ReqTRES              Submit               Start                 End    Elapsed 
------------ ----- ------- ---------- ---- ---------- --------------- ---------- ------------------------- ------------------- ------------------- ------------------- ---------- 
361595       c-me+  FAILED   00:04:00  1:0                  winter200        gpu billing=4,cpu=4,mem=1600+ 2020-02-19T05:23:28 2020-02-19T05:23:29 2020-02-19T05:24:29   00:01:00 
361595.batch        FAILED   00:04:00  1:0    189.45M       winter200                                      2020-02-19T05:23:29 2020-02-19T05:23:29 2020-02-19T05:24:29   00:01:00 
361595.exte+       COMPLE+   00:04:00  0:0          0       winter200                                      2020-02-19T05:23:29 2020-02-19T05:23:29 2020-02-19T05:24:29   00:01:00 
-------------------------------------------------------------
